Importer Log Report
Project : Adafruit SCD-41.PrjPcb

Section : Analyze Document - C:\Users\cleme\OneDrive - Université Laval\UL\Session H2026_8\PFE\Layout\Adafruit SCD41\Adafruit SCD-41.brd
    Analyzing data of C:\Users\cleme\OneDrive - Université Laval\UL\Session H2026_8\PFE\Layout\Adafruit SCD41\Adafruit SCD-41.brd
    Load settings
    Load layers 177
    Load board
    Load Library "microbuilder"
    Load Packages 12
    Load Library "silks"
    Load Packages 1
    Load Library "adafruit_electromech"
    Load Packages 1
    Load Library "adafruit_power"
    Load Packages 1
    Load Library "adafruit_sensor"
    Load Packages 1
    ERROR: Unhandled typemfgpreviewcolors
    ERROR: Unhandled typeerrors
EndSection

Section : Analyze Document - C:\Users\cleme\OneDrive - Université Laval\UL\Session H2026_8\PFE\Layout\Adafruit SCD41\Adafruit SCD-41.sch
    Analyzing data of C:\Users\cleme\OneDrive - Université Laval\UL\Session H2026_8\PFE\Layout\Adafruit SCD41\Adafruit SCD-41.sch
    Load settings
    Load layers 177
    Load schematic
    Load Libraries 5
    Load Library "microbuilder"
    Load Packages 54
    Load Symbols 12
    Load DeviceSets 12
    Load Library "supply1"
    Load Packages 0
    Load Symbols 2
    Load DeviceSets 2
    Load Library "adafruit_electromech"
    Load Packages 10
    Load Symbols 1
    Load DeviceSets 1
    Load Library "adafruit_power"
    Load Packages 1
    Load Symbols 2
    Load DeviceSets 2
    Load Library "adafruit_sensor"
    Load Packages 1
    Load Symbols 1
    Load DeviceSets 1
    Load Attributes 3
    Load Classes 3
    Load Parts 46
    Load Sheets 1
    ERROR: Unhandled type <errors>
EndSection
